{
  "RSpec": {
    "coverage": {
      "/home/han/ruby_projects/BookStore/config/environment.rb": [
        null,
        1,
        null,
        null,
        1
      ],
      "/home/han/ruby_projects/BookStore/config/application.rb": [
        1,
        null,
        1,
        null,
        null,
        null,
        1,
        null,
        1,
        1,
        null,
        null,
        null,
        null,
        null,
        null,
        null,
        null,
        null,
        null,
        null,
        null,
        null,
        1,
        null,
        1,
        1,
        1,
        null,
        null,
        1,
        null,
        null,
        null,
        null,
        null
      ],
      "/home/han/ruby_projects/BookStore/config/boot.rb": [
        1,
        null,
        1
      ],
      "/home/han/ruby_projects/BookStore/config/environments/test.rb": [
        1,
        null,
        null,
        null,
        null,
        null,
        null,
        1,
        null,
        null,
        null,
        null,
        1,
        null,
        null,
        1,
        1,
        null,
        null,
        1,
        1,
        null,
        null,
        1,
        null,
        null,
        1,
        null,
        null,
        null,
        null,
        1,
        null,
        null,
        1,
        null,
        null,
        1,
        null,
        null,
        null,
        null
      ],
      "/home/han/ruby_projects/BookStore/config/initializers/assets.rb": [
        null,
        null,
        null,
        1,
        null,
        null,
        null,
        null,
        null,
        null,
        null
      ],
      "/home/han/ruby_projects/BookStore/config/initializers/backtrace_silencers.rb": [
        null,
        null,
        null,
        null,
        null,
        null,
        null
      ],
      "/home/han/ruby_projects/BookStore/config/initializers/cookies_serializer.rb": [
        null,
        null,
        1
      ],
      "/home/han/ruby_projects/BookStore/config/initializers/devise.rb": [
        null,
        null,
        1,
        1,
        null,
        null,
        null,
        null,
        null,
        null,
        null,
        null,
        null,
        null,
        null,
        null,
        1,
        null,
        null,
        null,
        null,
        null,
        null,
        null,
        null,
        1,
        null,
        null,
        null,
        null,
        null,
        null,
        null,
        null,
        null,
        null,
        null,
        null,
        null,
        null,
        null,
        null,
        null,
        null,
        null,
        null,
        null,
        1,
        null,
        null,
        null,
        null,
        1,
        null,
        null,
        null,
        null,
        null,
        null,
        null,
        null,
        null,
        null,
        null,
        null,
        null,
        null,
        null,
        null,
        null,
        null,
        null,
        null,
        null,
        null,
        null,
        null,
        null,
        null,
        null,
        null,
        null,
        null,
        1,
        null,
        null,
        null,
        null,
        null,
        null,
        null,
        null,
        null,
        null,
        null,
        null,
        null,
        null,
        null,
        null,
        1,
        null,
        null,
        null,
        null,
        null,
        null,
        null,
        null,
        null,
        null,
        null,
        null,
        null,
        null,
        null,
        null,
        null,
        null,
        null,
        null,
        null,
        null,
        null,
        null,
        null,
        null,
        null,
        1,
        null,
        null,
        null,
        null,
        null,
        null,
        null,
        null,
        null,
        1,
        null,
        null,
        null,
        null,
        null,
        null,
        null,
        null,
        null,
        null,
        1,
        null,
        null,
        null,
        null,
        null,
        null,
        null,
        null,
        null,
        null,
        null,
        null,
        null,
        null,
        null,
        null,
        null,
        null,
        null,
        null,
        null,
        null,
        null,
        null,
        null,
        null,
        null,
        null,
        null,
        null,
        null,
        null,
        null,
        null,
        null,
        null,
        null,
        null,
        null,
        null,
        null,
        null,
        null,
        null,
        null,
        1,
        null,
        null,
        null,
        null,
        null,
        null,
        null,
        null,
        null,
        null,
        null,
        null,
        null,
        null,
        null,
        null,
        null,
        null,
        null,
        null,
        null,
        null,
        null,
        null,
        null,
        null,
        null,
        null,
        null,
        null,
        null,
        null,
        null,
        null,
        null,
        null,
        null,
        null,
        null,
        null,
        null,
        1,
        null,
        null,
        null,
        null,
        null,
        null,
        1,
        null,
        null,
        null,
        null,
        null,
        null,
        null,
        null,
        null,
        null,
        null,
        null,
        null,
        null,
        null,
        null,
        null,
        null,
        null,
        null,
        null,
        null,
        null
      ],
      "/home/han/ruby_projects/BookStore/config/initializers/filter_parameter_logging.rb": [
        null,
        null,
        null,
        1
      ],
      "/home/han/ruby_projects/BookStore/config/initializers/inflections.rb": [
        null,
        null,
        null,
        null,
        null,
        null,
        null,
        null,
        null,
        null,
        null,
        null,
        null,
        null,
        null,
        null
      ],
      "/home/han/ruby_projects/BookStore/config/initializers/mime_types.rb": [
        null,
        null,
        null,
        null
      ],
      "/home/han/ruby_projects/BookStore/config/initializers/rails_admin.rb": [
        1,
        null,
        1,
        0,
        null,
        1,
        null,
        1,
        null,
        null,
        1,
        0,
        0,
        0,
        null,
        null,
        0,
        null,
        null,
        null,
        null,
        null,
        1,
        0,
        0,
        0,
        0,
        null,
        0,
        0,
        0,
        0,
        null,
        null,
        null,
        null,
        null,
        null,
        null,
        null,
        null,
        null,
        null,
        null,
        null,
        null,
        null,
        null,
        null,
        null,
        null,
        null,
        null,
        null,
        null,
        null,
        null,
        null,
        null,
        null,
        null,
        null,
        1,
        1,
        1,
        1,
        1,
        1,
        1,
        1,
        1,
        1,
        null,
        null,
        null,
        null,
        null,
        null,
        1,
        null,
        null,
        null,
        null,
        null,
        null,
        null,
        null,
        1,
        8,
        null,
        0,
        0,
        0,
        null,
        null,
        null,
        0,
        null,
        null,
        0,
        null,
        null,
        null,
        null,
        1,
        0,
        0,
        0,
        0,
        0,
        null,
        0,
        null,
        null,
        null,
        null,
        null,
        null
      ],
      "/home/han/ruby_projects/BookStore/app/models/order_item.rb": [
        1,
        1,
        null,
        1,
        1,
        null,
        1,
        16,
        null,
        1,
        null,
        1,
        3,
        9,
        null,
        null,
        1,
        5,
        5,
        16,
        16,
        11,
        null,
        5,
        null,
        null,
        null,
        null,
        1,
        null,
        1,
        11,
        null,
        null,
        null,
        null,
        null,
        null
      ],
      "/home/han/ruby_projects/BookStore/config/initializers/session_store.rb": [
        null,
        null,
        1
      ],
      "/home/han/ruby_projects/BookStore/config/initializers/wrap_parameters.rb": [
        null,
        null,
        null,
        null,
        null,
        null,
        1,
        1,
        null,
        null,
        null,
        null,
        null,
        null
      ],
      "/home/han/ruby_projects/BookStore/spec/factories/addresses.rb": [
        1,
        1,
        41,
        41,
        41,
        41,
        41,
        41,
        41,
        null,
        null
      ],
      "/home/han/ruby_projects/BookStore/spec/factories/authors.rb": [
        1,
        1,
        1,
        1,
        null,
        null
      ],
      "/home/han/ruby_projects/BookStore/spec/factories/books.rb": [
        1,
        1,
        342,
        340,
        342,
        339,
        null,
        null
      ],
      "/home/han/ruby_projects/BookStore/spec/factories/categories.rb": [
        1,
        1,
        11,
        null,
        null
      ],
      "/home/han/ruby_projects/BookStore/spec/factories/countries.rb": [
        1,
        1,
        1,
        null,
        null
      ],
      "/home/han/ruby_projects/BookStore/spec/factories/credit_cards.rb": [
        1,
        1,
        112,
        112,
        112,
        112,
        112,
        112,
        null,
        null
      ],
      "/home/han/ruby_projects/BookStore/spec/factories/cupons.rb": [
        1,
        1,
        7,
        3,
        6,
        null,
        null
      ],
      "/home/han/ruby_projects/BookStore/spec/factories/customers.rb": [
        1,
        1,
        1,
        1,
        1,
        1,
        null,
        null
      ],
      "/home/han/ruby_projects/BookStore/spec/factories/order_items.rb": [
        1,
        1,
        303,
        1,
        1,
        null,
        null
      ],
      "/home/han/ruby_projects/BookStore/spec/factories/orders.rb": [
        1,
        1,
        1,
        null,
        null,
        null,
        18,
        112,
        112,
        112,
        112,
        112,
        112,
        1,
        1,
        null,
        1,
        1,
        62,
        null,
        1,
        61,
        61,
        61,
        null,
        null,
        null,
        null
      ],
      "/home/han/ruby_projects/BookStore/spec/factories/ratings.rb": [
        1,
        1,
        4,
        4,
        4,
        4,
        null,
        null
      ],
      "/home/han/ruby_projects/BookStore/spec/factories/users.rb": [
        1,
        1,
        127,
        127,
        126,
        127,
        null,
        null
      ],
      "/home/han/ruby_projects/BookStore/config/routes.rb": [
        1,
        null,
        1,
        null,
        null,
        1,
        null,
        null,
        null,
        1,
        null,
        1,
        null,
        1,
        null,
        null,
        1,
        1,
        1,
        1,
        1,
        1,
        1,
        null,
        1,
        1,
        1,
        1,
        null,
        null,
        1,
        null,
        1,
        null,
        1,
        1,
        1,
        null,
        1,
        1,
        1,
        null,
        null,
        1,
        null,
        null,
        null,
        null,
        1,
        null,
        1,
        1,
        null,
        null,
        1,
        1,
        1,
        1,
        1,
        null,
        null,
        null,
        null,
        null,
        null,
        null,
        null,
        null,
        null,
        null,
        null,
        null,
        null,
        null,
        null,
        null,
        null,
        null,
        null,
        null,
        null,
        null,
        null,
        null,
        null,
        null,
        null,
        null,
        null,
        null,
        null,
        null,
        null,
        null,
        null,
        null,
        null,
        null,
        null,
        null,
        null,
        null,
        null,
        null,
        null,
        null,
        null,
        null,
        null,
        null,
        null,
        null,
        null,
        null,
        null,
        null
      ],
      "/home/han/ruby_projects/BookStore/app/models/user.rb": [
        1,
        null,
        null,
        1,
        null,
        null,
        null,
        1,
        1,
        1,
        null,
        1,
        1,
        null,
        1,
        null,
        1,
        null,
        1,
        0,
        0,
        0,
        0,
        0,
        0,
        null,
        null,
        null,
        1,
        0,
        null,
        null,
        1,
        0,
        0,
        null,
        null,
        null
      ],
      "/home/han/ruby_projects/BookStore/app/uploaders/facebook_avatar_uploader.rb": [
        null,
        null,
        1,
        1,
        null,
        1,
        null,
        1,
        1,
        null,
        null,
        null
      ],
      "/home/han/ruby_projects/BookStore/spec/spec_helper.rb": [
        null,
        null,
        null,
        null,
        null,
        null,
        null,
        null,
        null,
        null,
        null,
        null,
        null,
        null,
        null,
        null,
        null,
        null,
        1,
        null,
        null,
        null,
        null,
        null,
        null,
        null,
        1,
        null,
        null,
        null,
        null,
        null,
        null,
        null,
        1,
        null,
        null,
        null,
        null,
        1,
        null,
        null,
        null,
        1,
        null,
        null,
        null,
        null,
        null,
        null,
        null,
        null,
        null,
        null,
        null,
        null,
        null,
        null,
        null,
        null,
        null,
        null,
        null,
        null,
        null,
        null,
        null,
        null,
        null,
        null,
        null,
        null,
        null,
        null,
        null,
        null,
        null,
        null,
        null,
        null,
        null,
        null,
        null,
        null,
        null,
        null,
        null,
        null,
        null,
        null,
        null,
        null,
        null,
        null,
        null,
        null
      ],
      "/home/han/ruby_projects/BookStore/app/helpers/addresses_helper.rb": [
        1,
        null
      ],
      "/home/han/ruby_projects/BookStore/app/helpers/application_helper.rb": [
        1,
        1,
        10,
        1,
        null,
        null,
        null,
        1,
        0,
        null,
        null,
        1,
        0,
        0,
        null,
        0,
        0,
        null,
        null,
        null,
        1,
        0,
        null,
        null,
        1,
        2,
        0,
        null,
        2,
        null,
        null,
        2,
        2,
        null,
        null,
        1,
        0,
        0,
        0,
        0,
        0,
        0,
        0,
        null,
        0,
        null,
        null,
        0,
        null,
        null,
        null,
        null,
        null,
        null,
        1,
        0,
        null,
        null,
        1,
        0,
        null,
        null,
        1,
        0,
        0,
        0,
        0,
        0,
        0,
        null,
        null,
        0,
        0,
        null,
        0,
        null,
        null
      ],
      "/home/han/ruby_projects/BookStore/app/helpers/books_helper.rb": [
        1,
        1,
        1,
        1,
        null,
        null
      ],
      "/home/han/ruby_projects/BookStore/app/helpers/categories_helper.rb": [
        1,
        null
      ],
      "/home/han/ruby_projects/BookStore/app/helpers/order_steps_helper.rb": [
        1,
        1,
        0,
        0,
        0,
        null,
        0,
        null,
        null,
        0,
        null,
        null,
        null,
        1,
        0,
        0,
        null,
        0,
        null,
        null,
        null,
        1,
        0,
        0,
        0,
        0,
        0,
        0,
        null,
        null,
        null,
        0,
        0,
        null,
        null
      ],
      "/home/han/ruby_projects/BookStore/app/helpers/orders_helper.rb": [
        1,
        null
      ],
      "/home/han/ruby_projects/BookStore/app/helpers/orders_items_helper.rb": [
        1,
        null
      ],
      "/home/han/ruby_projects/BookStore/app/helpers/ratings_helper.rb": [
        1,
        null,
        1,
        0,
        0,
        null,
        0,
        null,
        null,
        null,
        1,
        0,
        0,
        0,
        0,
        null,
        0,
        null,
        null,
        null
      ],
      "/home/han/ruby_projects/BookStore/app/helpers/users_helper.rb": [
        1,
        1,
        0,
        0,
        0,
        0,
        0,
        null,
        null,
        0,
        null,
        null,
        1,
        0,
        0,
        0,
        0,
        0,
        0,
        0,
        null,
        0,
        null,
        0,
        null,
        null,
        1,
        0,
        null,
        null
      ],
      "/home/han/ruby_projects/BookStore/spec/support/matchers.rb": [
        1,
        4,
        null,
        null,
        null,
        null,
        null,
        null,
        4,
        28,
        0,
        null,
        null,
        null,
        null,
        4,
        0,
        null,
        null,
        4,
        0,
        null,
        null
      ],
      "/home/han/ruby_projects/BookStore/spec/support/utilities.rb": [
        1,
        24,
        24,
        24,
        24,
        null
      ],
      "/home/han/ruby_projects/BookStore/spec/shared/controllers.rb": [
        1,
        10,
        10,
        10,
        null,
        null,
        null,
        1,
        4,
        2,
        2,
        2,
        null,
        null,
        null,
        1,
        7,
        7,
        null,
        7,
        null,
        null,
        null,
        1,
        5,
        5,
        5,
        null,
        null,
        null,
        null,
        5,
        null,
        null,
        1,
        12,
        24,
        24,
        null,
        null,
        12,
        12,
        null,
        null,
        12,
        null,
        null,
        null,
        1,
        12,
        12,
        12,
        null,
        null,
        null,
        1,
        19,
        19,
        12,
        null,
        null,
        null,
        1,
        3,
        3,
        3,
        null,
        null,
        null,
        1,
        4,
        4,
        4,
        null,
        null,
        null,
        1,
        3,
        3,
        3,
        9,
        null,
        null,
        null,
        null,
        1,
        3,
        3,
        3,
        null,
        null,
        null,
        1,
        2,
        2,
        null,
        null,
        null,
        null,
        1,
        3,
        3,
        3,
        null,
        null
      ],
      "/home/han/ruby_projects/BookStore/spec/shared/addresses_controller.rb": [
        1,
        3,
        3,
        3,
        12,
        null,
        null,
        null,
        1,
        4,
        4,
        null,
        4,
        4,
        null,
        null,
        null
      ],
      "/home/han/ruby_projects/BookStore/app/controllers/addresses_controller.rb": [
        1,
        1,
        1,
        null,
        1,
        8,
        8,
        8,
        8,
        8,
        8,
        null,
        null,
        1,
        null,
        1,
        8,
        5,
        5,
        null,
        3,
        null,
        null,
        null,
        1,
        8,
        8,
        8,
        null,
        null,
        1,
        0,
        null,
        0,
        0,
        null,
        null
      ],
      "/home/han/ruby_projects/BookStore/app/controllers/application_controller.rb": [
        1,
        null,
        1,
        1,
        1,
        null,
        null,
        null,
        1,
        null,
        1,
        1,
        1,
        null,
        1,
        24,
        null,
        null,
        1,
        107,
        107,
        null,
        null,
        1,
        8,
        8,
        null,
        null,
        1,
        134,
        null,
        null,
        1,
        null,
        1,
        0,
        0,
        0,
        null,
        null,
        1,
        null,
        1,
        56,
        56,
        56,
        null,
        null,
        null,
        1,
        0,
        0,
        0,
        0,
        null,
        0,
        null,
        null,
        null,
        1,
        0,
        0,
        null,
        null,
        1,
        0,
        0,
        0,
        0,
        0,
        null,
        null,
        1,
        0,
        0,
        0,
        0,
        null,
        null,
        0,
        0,
        null,
        null,
        1,
        0,
        0,
        0,
        null,
        null,
        1,
        13,
        13,
        13,
        13,
        null,
        null,
        1,
        0,
        null,
        null
      ],
      "/home/han/ruby_projects/BookStore/app/controllers/concerns/cookies_handling.rb": [
        1,
        1,
        null,
        1,
        null,
        1,
        0,
        null,
        null,
        1,
        0,
        null,
        null,
        1,
        12,
        12,
        12,
        null,
        null,
        1,
        0,
        0,
        0,
        null,
        null,
        null
      ],
      "/home/han/ruby_projects/BookStore/app/controllers/concerns/session_handling.rb": [
        1,
        1,
        null,
        1,
        null,
        1,
        73,
        null,
        null,
        1,
        4,
        null,
        null,
        1,
        4,
        4,
        null,
        null,
        null
      ],
      "/home/han/ruby_projects/BookStore/app/controllers/concerns/value_calculation.rb": [
        1,
        1,
        null,
        1,
        null,
        1,
        0,
        0,
        0,
        0,
        null,
        0,
        null,
        null,
        1,
        13,
        76,
        76,
        null,
        13,
        null,
        null,
        1,
        0,
        null,
        null,
        1,
        0,
        null,
        null,
        1,
        0,
        null,
        null,
        null
      ],
      "/home/han/ruby_projects/BookStore/app/models/address.rb": [
        1,
        1,
        null
      ],
      "/home/han/ruby_projects/BookStore/spec/controllers/application_controller_spec.rb": [
        1,
        1,
        null,
        1,
        1,
        null,
        3,
        null,
        null,
        null,
        1,
        6,
        null,
        null,
        2,
        null,
        1,
        null,
        7,
        null,
        1,
        1,
        2,
        2,
        null,
        null,
        1,
        1,
        null,
        null,
        1,
        null,
        null,
        1,
        null,
        null,
        1,
        2,
        null,
        2,
        null,
        null,
        1,
        1,
        null,
        null,
        1,
        null,
        null,
        1,
        null,
        null,
        1,
        2,
        2,
        null,
        null,
        1,
        1,
        null,
        null,
        1,
        null,
        null,
        null,
        1,
        1,
        1,
        null,
        null,
        null,
        null,
        1,
        3,
        3,
        null,
        1,
        2,
        2,
        2,
        null,
        null,
        null,
        null
      ],
      "/home/han/ruby_projects/BookStore/spec/shared/application_controller.rb": [
        1,
        3,
        3,
        null,
        null
      ],
      "/home/han/ruby_projects/BookStore/spec/controllers/books_controller_spec.rb": [
        1,
        1,
        null,
        1,
        5,
        16,
        null,
        1,
        15,
        15,
        15,
        null,
        null,
        1,
        3,
        null,
        1,
        1,
        null,
        null,
        1,
        7,
        null,
        1,
        6,
        6,
        null,
        null,
        1,
        1,
        1,
        1,
        null,
        null,
        1,
        5,
        null,
        1,
        1,
        null,
        null,
        1,
        4,
        null,
        1,
        1,
        1,
        null,
        null
      ],
      "/home/han/ruby_projects/BookStore/app/controllers/books_controller.rb": [
        1,
        1,
        null,
        1,
        3,
        null,
        null,
        1,
        4,
        4,
        null,
        null,
        1,
        null,
        null,
        1,
        4,
        4,
        null,
        null
      ],
      "/home/han/ruby_projects/BookStore/app/models/book.rb": [
        1,
        1,
        1,
        null,
        1,
        1,
        1,
        null,
        1,
        1,
        null,
        1,
        1,
        null,
        14,
        5,
        null,
        1,
        1,
        null
      ],
      "/home/han/ruby_projects/BookStore/app/uploaders/book_img_uploader.rb": [
        1,
        1,
        null,
        1,
        null,
        1,
        1,
        null,
        null,
        1,
        1,
        null,
        null
      ],
      "/home/han/ruby_projects/BookStore/spec/controllers/categories_controller_spec.rb": [
        1,
        1,
        null,
        1,
        9,
        9,
        null,
        1,
        8,
        8,
        8,
        null,
        null,
        1,
        9,
        null,
        1,
        1,
        1,
        1,
        1,
        1,
        null,
        1,
        1,
        1,
        null,
        1,
        null,
        null,
        null
      ],
      "/home/han/ruby_projects/BookStore/app/controllers/categories_controller.rb": [
        1,
        1,
        1,
        1,
        null,
        1,
        6,
        6,
        6,
        6,
        null,
        null
      ],
      "/home/han/ruby_projects/BookStore/app/models/category.rb": [
        1,
        1,
        1,
        null,
        1,
        null,
        null
      ],
      "/home/han/ruby_projects/BookStore/spec/controllers/order_items_controller_spec.rb": [
        1,
        1,
        null,
        1,
        13,
        13,
        7,
        1,
        12,
        null,
        1,
        12,
        12,
        12,
        12,
        12,
        null,
        null,
        1,
        7,
        null,
        1,
        1,
        null,
        1,
        1,
        1,
        null,
        null,
        1,
        1,
        1,
        null,
        null,
        1,
        null,
        null,
        1,
        7,
        null,
        1,
        1,
        null,
        1,
        1,
        1,
        null,
        null,
        1,
        1,
        1,
        null,
        null,
        1,
        null,
        null
      ],
      "/home/han/ruby_projects/BookStore/app/controllers/order_items_controller.rb": [
        1,
        1,
        null,
        1,
        4,
        4,
        4,
        4,
        null,
        null,
        1,
        4,
        null,
        null,
        4,
        4,
        4,
        null,
        null,
        1,
        null,
        1,
        4,
        4,
        4,
        null,
        null,
        1,
        4,
        4,
        null,
        null,
        1,
        4,
        null,
        null,
        1,
        8,
        null,
        null,
        1,
        4,
        null,
        null,
        1,
        4,
        null,
        null,
        1,
        4,
        null,
        null
      ],
      "/home/han/ruby_projects/BookStore/spec/controllers/order_steps_controller_spec.rb": [
        1,
        1,
        null,
        1,
        8,
        12,
        1,
        11,
        2,
        1,
        null,
        null,
        3,
        1,
        11,
        11,
        11,
        11,
        null,
        null,
        2,
        null,
        1,
        8,
        null,
        1,
        1,
        null,
        1,
        4,
        null,
        1,
        1,
        1,
        null,
        null,
        1,
        1,
        null,
        null,
        1,
        1,
        1,
        1,
        1,
        null,
        null,
        1,
        1,
        1,
        1,
        null,
        null,
        null,
        1,
        2,
        null,
        4,
        null,
        1,
        1,
        null,
        1,
        1,
        1,
        1,
        1,
        null,
        null,
        null
      ],
      "/home/han/ruby_projects/BookStore/app/controllers/order_steps_controller.rb": [
        1,
        1,
        null,
        1,
        1,
        null,
        1,
        null,
        1,
        7,
        null,
        7,
        7,
        7,
        7,
        null,
        null,
        1,
        3,
        3,
        3,
        3,
        null,
        null,
        1,
        null,
        1,
        0,
        0,
        null,
        null,
        1,
        3,
        null,
        null,
        1,
        10,
        null,
        null,
        1,
        7,
        1,
        1,
        null,
        null,
        null,
        1,
        3,
        3,
        3,
        null,
        null,
        1,
        6,
        null,
        null,
        null,
        null,
        null,
        null,
        null,
        null,
        1,
        3,
        null,
        null,
        null,
        null,
        null,
        null,
        null,
        null,
        null,
        null,
        null,
        null,
        null
      ],
      "/home/han/ruby_projects/BookStore/spec/controllers/orders_controller_spec.rb": [
        1,
        1,
        1,
        null,
        1,
        39,
        1,
        38,
        null,
        1,
        38,
        38,
        null,
        null,
        1,
        8,
        null,
        8,
        null,
        1,
        1,
        1,
        null,
        null,
        1,
        4,
        null,
        4,
        null,
        1,
        1,
        1,
        null,
        null,
        1,
        1,
        1,
        null,
        null,
        null,
        null,
        1,
        null,
        null,
        1,
        3,
        null,
        3,
        null,
        1,
        1,
        null,
        null,
        1,
        1,
        null,
        1,
        3,
        null,
        null,
        1,
        3,
        null,
        1,
        2,
        null,
        1,
        null,
        null,
        1,
        2,
        null,
        1,
        null,
        null,
        null,
        1,
        2,
        null,
        1,
        null,
        null,
        null,
        1,
        5,
        null,
        1,
        1,
        null,
        null,
        1,
        11,
        null,
        1,
        10,
        10,
        10,
        null,
        null,
        1,
        1,
        1,
        1,
        null,
        1,
        3,
        null,
        null,
        null,
        1,
        10,
        null,
        1,
        9,
        null,
        null,
        1,
        1,
        1,
        1,
        1,
        null,
        1,
        1,
        null,
        1,
        null,
        null,
        1,
        1,
        null,
        1,
        null,
        null,
        null
      ],
      "/home/han/ruby_projects/BookStore/spec/shared/orders_controller.rb": [
        1,
        2,
        6,
        null,
        null
      ],
      "/home/han/ruby_projects/BookStore/app/controllers/orders_controller.rb": [
        1,
        1,
        1,
        null,
        null,
        null,
        1,
        5,
        null,
        null,
        1,
        3,
        3,
        null,
        null,
        1,
        2,
        2,
        null,
        null,
        1,
        3,
        3,
        3,
        null,
        null,
        1,
        null,
        null,
        1,
        8,
        8,
        8,
        null,
        null,
        null,
        null,
        1,
        7,
        7,
        7,
        7,
        null,
        null,
        1,
        null,
        1,
        2,
        2,
        null,
        null,
        1,
        7,
        7,
        null,
        null
      ],
      "/home/han/ruby_projects/BookStore/app/models/order.rb": [
        1,
        1,
        1,
        1,
        null,
        1,
        1,
        1,
        null,
        1,
        1,
        1,
        null,
        1,
        null,
        0,
        null,
        null,
        null,
        null,
        null,
        1,
        1,
        1,
        1,
        1,
        1,
        null,
        1,
        1,
        null,
        null,
        1,
        1,
        null,
        null,
        1,
        1,
        null,
        null,
        1,
        1,
        null,
        null,
        null,
        1,
        0,
        null,
        null,
        1,
        3,
        null,
        null,
        1,
        1,
        null,
        null,
        1,
        1,
        null,
        null,
        1,
        1,
        null,
        null,
        1,
        1,
        1,
        null,
        null,
        null,
        1,
        null,
        null,
        1,
        null,
        1,
        187,
        null,
        null
      ],
      "/home/han/ruby_projects/BookStore/spec/controllers/ratings_controller_spec.rb": [
        1,
        null,
        1,
        null,
        null
      ],
      "/home/han/ruby_projects/BookStore/app/controllers/ratings_controller.rb": [
        1,
        1,
        null,
        1,
        0,
        0,
        0,
        0,
        0,
        0,
        null,
        0,
        null,
        null,
        null,
        1,
        null,
        1,
        0,
        null,
        null,
        null,
        null
      ],
      "/home/han/ruby_projects/BookStore/spec/controllers/users_controller_spec.rb": [
        1,
        1,
        null,
        1,
        null,
        1,
        0,
        0,
        0,
        null,
        null,
        0,
        0,
        0,
        0,
        null,
        0,
        0,
        null,
        null,
        null,
        9,
        1,
        null,
        1,
        8,
        8,
        8,
        null,
        1,
        4,
        null,
        null,
        1,
        4,
        null,
        null,
        null,
        1,
        1,
        null,
        null,
        1,
        4,
        null,
        null,
        null,
        null,
        null,
        1,
        1,
        null,
        null,
        null
      ],
      "/home/han/ruby_projects/BookStore/app/controllers/users_controller.rb": [
        1,
        1,
        1,
        1,
        null,
        1,
        1,
        1,
        1,
        1,
        null,
        null,
        1,
        1,
        1,
        1,
        null,
        null,
        1,
        null,
        1,
        6,
        null,
        null,
        1,
        2,
        2,
        2,
        null,
        0,
        null,
        null,
        null,
        1,
        2,
        null,
        null,
        null,
        null,
        null,
        null,
        null
      ],
      "/home/han/ruby_projects/BookStore/spec/features/search_feature_spec.rb": [
        null,
        1,
        null,
        1,
        1,
        null,
        1,
        1,
        1,
        1,
        null,
        null,
        null,
        1,
        1,
        null,
        null,
        null
      ],
      "/home/han/ruby_projects/BookStore/spec/helpers/addresses_helper_spec.rb": [
        1,
        null,
        null,
        null,
        null,
        null,
        null,
        null,
        null,
        null,
        null,
        null,
        1,
        1,
        null
      ],
      "/home/han/ruby_projects/BookStore/spec/helpers/books_helper_spec.rb": [
        1,
        null,
        null,
        null,
        null,
        null,
        null,
        null,
        null,
        null,
        null,
        null,
        1,
        1,
        null
      ],
      "/home/han/ruby_projects/BookStore/spec/helpers/categories_helper_spec.rb": [
        1,
        null,
        null,
        null,
        null,
        null,
        null,
        null,
        null,
        null,
        null,
        null,
        1,
        1,
        null
      ],
      "/home/han/ruby_projects/BookStore/spec/helpers/order_steps_helper_spec.rb": [
        1,
        null,
        null,
        null,
        null,
        null,
        null,
        null,
        null,
        null,
        null,
        null,
        1,
        1,
        null
      ],
      "/home/han/ruby_projects/BookStore/spec/helpers/orders_helper_spec.rb": [
        1,
        null,
        null,
        null,
        null,
        null,
        null,
        null,
        null,
        null,
        null,
        null,
        1,
        1,
        null
      ],
      "/home/han/ruby_projects/BookStore/spec/helpers/orders_items_helper_spec.rb": [
        1,
        null,
        null,
        null,
        null,
        null,
        null,
        null,
        null,
        null,
        null,
        null,
        1,
        1,
        null
      ],
      "/home/han/ruby_projects/BookStore/spec/helpers/ratings_helper_spec.rb": [
        1,
        null,
        null,
        null,
        null,
        null,
        null,
        null,
        null,
        null,
        null,
        null,
        1,
        1,
        null
      ],
      "/home/han/ruby_projects/BookStore/spec/helpers/users_helper_spec.rb": [
        1,
        null,
        null,
        null,
        null,
        null,
        null,
        null,
        null,
        null,
        null,
        null,
        1,
        1,
        null
      ],
      "/home/han/ruby_projects/BookStore/spec/models/address_spec.rb": [
        1,
        null,
        1,
        null,
        2,
        2,
        2,
        2,
        2,
        2,
        null,
        null
      ],
      "/home/han/ruby_projects/BookStore/spec/models/author_spec.rb": [
        1,
        null,
        1,
        null,
        2,
        2,
        2,
        null,
        null
      ],
      "/home/han/ruby_projects/BookStore/app/models/author.rb": [
        1,
        1,
        null,
        1,
        null
      ],
      "/home/han/ruby_projects/BookStore/spec/models/book_spec.rb": [
        1,
        null,
        1,
        1,
        2,
        2,
        null,
        null,
        2,
        2,
        2,
        2,
        2,
        2,
        2,
        2,
        2,
        null,
        1,
        1,
        null,
        null,
        1,
        1,
        null,
        null,
        1,
        1,
        null,
        null,
        1,
        1,
        null,
        null,
        1,
        1,
        null,
        null,
        1,
        1,
        1,
        null,
        null,
        1,
        1,
        1,
        1,
        null,
        null,
        null
      ],
      "/home/han/ruby_projects/BookStore/spec/models/category_spec.rb": [
        1,
        null,
        1,
        null,
        2,
        2,
        2,
        null,
        1,
        0,
        null,
        null,
        1,
        1,
        1,
        null,
        null,
        1,
        1,
        4,
        null,
        1,
        0,
        null,
        null,
        null
      ],
      "/home/han/ruby_projects/BookStore/spec/models/country_spec.rb": [
        1,
        null,
        1,
        null,
        2,
        2,
        null,
        null
      ],
      "/home/han/ruby_projects/BookStore/app/models/country.rb": [
        1,
        1,
        1,
        null
      ],
      "/home/han/ruby_projects/BookStore/spec/models/credit_card_spec.rb": [
        1,
        null,
        1,
        null,
        2,
        2,
        2,
        2,
        2,
        2,
        2,
        2,
        2,
        2,
        2,
        2,
        null,
        null
      ],
      "/home/han/ruby_projects/BookStore/app/models/credit_card.rb": [
        1,
        1,
        1,
        1,
        1,
        null,
        1,
        1,
        null
      ],
      "/home/han/ruby_projects/BookStore/spec/models/cupon_spec.rb": [
        1,
        null,
        1,
        null,
        1,
        1,
        1,
        null,
        null,
        2,
        2,
        2,
        null,
        1,
        1,
        1,
        1,
        null,
        null,
        null
      ],
      "/home/han/ruby_projects/BookStore/app/models/cupon.rb": [
        1,
        1,
        1,
        null,
        1,
        null,
        5,
        null
      ],
      "/home/han/ruby_projects/BookStore/spec/models/order_item_spec.rb": [
        1,
        null,
        1,
        null,
        1,
        1,
        null,
        null,
        1,
        3,
        null,
        null,
        1,
        4,
        null,
        null,
        2,
        2,
        2,
        null,
        1,
        null,
        1,
        1,
        1,
        null,
        null,
        1,
        1,
        1,
        1,
        null,
        null,
        1,
        1,
        1,
        null,
        null,
        null,
        null,
        1,
        1,
        3,
        3,
        null,
        null,
        1,
        5,
        5,
        15,
        15,
        null,
        5,
        null,
        null,
        1,
        1,
        1,
        1,
        null,
        null,
        1,
        1,
        1,
        null,
        null,
        1,
        1,
        1,
        1,
        1,
        null,
        null,
        1,
        1,
        1,
        null,
        null,
        1,
        1,
        1,
        1,
        1,
        null,
        null,
        null,
        null,
        null
      ],
      "/home/han/ruby_projects/BookStore/spec/models/order_spec.rb": [
        1,
        null,
        1,
        null,
        1,
        1,
        null,
        null,
        1,
        4,
        4,
        4,
        4,
        null,
        null,
        2,
        2,
        2,
        2,
        2,
        2,
        2,
        2,
        null,
        1,
        1,
        1,
        1,
        null,
        null,
        1,
        1,
        1,
        null,
        null,
        1,
        1,
        1,
        null,
        null,
        1,
        1,
        1,
        null,
        null,
        1,
        1,
        1,
        null,
        null,
        1,
        1,
        1,
        null,
        null,
        1,
        1,
        1,
        null,
        null,
        null
      ],
      "/home/han/ruby_projects/BookStore/spec/models/rating_spec.rb": [
        1,
        null,
        1,
        null,
        2,
        2,
        2,
        2,
        2,
        2,
        2,
        2,
        2,
        2,
        2,
        2,
        null,
        1,
        1,
        null,
        null,
        1,
        1,
        null,
        null,
        1,
        1,
        null,
        null,
        null
      ],
      "/home/han/ruby_projects/BookStore/app/models/rating.rb": [
        1,
        1,
        1,
        1,
        null,
        1,
        1,
        null
      ],
      "/home/han/ruby_projects/BookStore/app/validators/rating_score.rb": [
        1,
        1,
        18,
        18,
        null,
        null,
        null
      ],
      "/home/han/ruby_projects/BookStore/spec/models/user_spec.rb": [
        1,
        null,
        1,
        null,
        2,
        null,
        2,
        2,
        2,
        2,
        2,
        2,
        2,
        2,
        2,
        null,
        1,
        1,
        null,
        null,
        null
      ],
      "/home/han/ruby_projects/BookStore/spec/views/books/home.html.erb_spec.rb": [
        1,
        null,
        1,
        1,
        null
      ],
      "/home/han/ruby_projects/BookStore/spec/views/books/shop.html.erb_spec.rb": [
        1,
        null,
        1,
        1,
        null
      ],
      "/home/han/ruby_projects/BookStore/app/models/ability.rb": [
        1,
        1,
        null,
        1,
        44,
        44,
        null,
        0,
        null,
        null,
        null,
        1,
        0,
        0,
        0,
        0,
        null,
        null,
        1,
        44,
        44,
        44,
        44,
        44,
        44,
        44,
        null,
        44,
        44,
        44,
        null,
        null,
        1,
        44,
        44,
        null,
        null
      ],
      "/home/han/ruby_projects/BookStore/app/services/order_update_service.rb": [
        1,
        1,
        4,
        4,
        4,
        null,
        null,
        1,
        3,
        3,
        3,
        3,
        3,
        null,
        null
      ],
      "/home/han/ruby_projects/BookStore/app/forms/order_steps_form.rb": [
        1,
        1,
        null,
        1,
        1,
        null,
        1,
        1,
        1,
        1,
        1,
        1,
        1,
        1,
        1,
        1,
        1,
        null,
        1,
        null,
        1,
        10,
        10,
        10,
        10,
        10,
        null,
        null,
        null,
        1,
        0,
        null,
        null,
        1,
        2,
        2,
        null,
        null,
        1,
        0,
        null,
        null,
        1,
        0,
        null,
        null,
        1,
        2,
        0,
        null,
        null,
        null,
        1,
        0,
        null,
        null,
        1,
        0,
        null,
        null,
        1,
        0,
        null,
        null,
        1,
        null,
        1,
        1,
        null,
        null,
        1,
        2,
        2,
        null,
        1,
        null,
        0,
        null,
        0,
        null,
        0,
        null,
        null,
        null,
        1,
        null,
        1,
        1,
        1,
        null,
        null,
        1,
        0,
        null,
        null,
        1,
        0,
        0,
        null,
        null,
        1,
        0,
        0,
        0,
        0,
        null,
        null,
        1,
        0,
        0,
        0,
        null,
        null,
        1,
        1,
        null,
        null,
        1,
        0,
        null,
        null,
        1,
        0,
        null,
        null,
        1,
        0,
        null,
        null,
        null
      ],
      "/home/han/ruby_projects/BookStore/app/services/change_address_service.rb": [
        1,
        1,
        1,
        1,
        1,
        null,
        null,
        1,
        1,
        0,
        0,
        null,
        0,
        null,
        null,
        1,
        0,
        null,
        1,
        null,
        null,
        null,
        null,
        1,
        null,
        1,
        0,
        0,
        null,
        null,
        1,
        1,
        1,
        null,
        null,
        1,
        0,
        0,
        null,
        null,
        null
      ],
      "/home/han/ruby_projects/BookStore/app/services/shopcart_update_service.rb": [
        1,
        1,
        3,
        3,
        null,
        null,
        1,
        1,
        1,
        1,
        2,
        null,
        null,
        0,
        0,
        0,
        null,
        null,
        1,
        null,
        null,
        1,
        null,
        null,
        null
      ]
    },
    "timestamp": 1470242660
  }
}
